[2026-05-06T15:46:42.416Z] [INFO] 
🚀 SmartFly Backend Server
[2026-05-06T15:46:42.418Z] [INFO] ━━━━━━━━━━━━━━━━━━━━━━━━━━━━━━━━
[2026-05-06T15:46:42.427Z] [INFO] 📨 API: http://localhost:5000
[2026-05-06T15:46:42.432Z] [INFO] ✅ Database: Connected
[2026-05-06T15:46:42.434Z] [INFO] 🤖 Chatbot: Ready
[2026-05-06T15:46:42.444Z] [INFO] 
📥 جاري تحميل بيانات الرحلات...
[2026-05-06T15:46:42.481Z] [INFO] تم جلب 870 رحلة من شركات الطيران الأردنية
[2026-05-07T20:24:56.260Z] [INFO] 
🚀 SmartFly Backend Server
[2026-05-07T20:24:56.264Z] [INFO] ━━━━━━━━━━━━━━━━━━━━━━━━━━━━━━━━
[2026-05-07T20:24:56.267Z] [INFO] 📨 API: http://localhost:5000
[2026-05-07T20:24:56.269Z] [INFO] ✅ Database: Connected
[2026-05-07T20:24:56.271Z] [INFO] 🤖 Chatbot: Ready
[2026-05-07T20:24:56.273Z] [INFO] 
📥 جاري تحميل بيانات الرحلات...
[2026-05-07T20:24:56.290Z] [INFO] تم جلب 870 رحلة من شركات الطيران الأردنية
[2026-05-07T20:35:25.138Z] [INFO] 
🚀 SmartFly Backend Server
[2026-05-07T20:35:25.141Z] [INFO] ━━━━━━━━━━━━━━━━━━━━━━━━━━━━━━━━
[2026-05-07T20:35:25.143Z] [INFO] 📨 API: http://localhost:5000
[2026-05-07T20:35:25.145Z] [INFO] ✅ Database: Connected
[2026-05-07T20:35:25.147Z] [INFO] 🤖 Chatbot: Ready
[2026-05-07T20:35:25.151Z] [INFO] 
📥 جاري تحميل بيانات الرحلات...
[2026-05-07T20:35:25.168Z] [INFO] تم جلب 870 رحلة من شركات الطيران الأردنية
[2026-05-07T21:51:11.316Z] [INFO] 
🚀 SmartFly Backend Server
[2026-05-07T21:51:11.318Z] [INFO] ━━━━━━━━━━━━━━━━━━━━━━━━━━━━━━━━
[2026-05-07T21:51:11.320Z] [INFO] 📨 API: http://localhost:5000
[2026-05-07T21:51:11.321Z] [INFO] ✅ Database: Connected
[2026-05-07T21:51:11.323Z] [INFO] 🤖 Chatbot: Ready
[2026-05-07T21:51:11.324Z] [INFO] 
📥 جاري تحميل بيانات الرحلات...
[2026-05-07T21:51:11.338Z] [INFO] تم جلب 870 رحلة من شركات الطيران الأردنية
[2026-05-07T21:52:03.080Z] [INFO] 
🚀 SmartFly Backend Server
[2026-05-07T21:52:03.139Z] [INFO] ━━━━━━━━━━━━━━━━━━━━━━━━━━━━━━━━
[2026-05-07T21:52:03.142Z] [INFO] 📨 API: http://localhost:5000
[2026-05-07T21:52:03.226Z] [INFO] ✅ Database: Connected
[2026-05-07T21:52:03.784Z] [INFO] 🤖 Chatbot: Ready
[2026-05-07T21:52:04.008Z] [INFO] 
📥 جاري تحميل بيانات الرحلات...
[2026-05-07T21:52:04.052Z] [INFO] تم جلب 870 رحلة من شركات الطيران الأردنية
[2026-05-07T21:52:05.827Z] [INFO] ✅ تم حفظ 870 رحلة في قاعدة البيانات
[2026-05-07T21:52:05.830Z] [INFO] ✅ تم تحميل 870 رحلة بنجاح
[2026-05-07T21:52:05.847Z] [INFO] 
⏰ بدء جدول التحديثات الآلية...
[2026-05-07T21:52:05.864Z] [INFO] ✅ تم بدء جدول التحديثات الآلية بنجاح
[2026-05-07T21:52:05.867Z] [INFO] ✅ تم بدء جدول التحديثات
[2026-05-07T21:52:05.870Z] [INFO] 
━━━━━━━━━━━━━━━━━━━━━━━━━━━━━━━━
[2026-05-07T21:52:05.879Z] [INFO] 🎯 النظام جاهز تماماً للعمل!

[2026-05-07T22:48:58.914Z] [INFO] 
🚀 SmartFly Backend Server
[2026-05-07T22:48:58.917Z] [INFO] ━━━━━━━━━━━━━━━━━━━━━━━━━━━━━━━━
[2026-05-07T22:48:58.921Z] [INFO] 📨 API: http://localhost:5000
[2026-05-07T22:48:58.923Z] [INFO] ✅ Database: Connected
[2026-05-07T22:48:58.925Z] [INFO] 🤖 Chatbot: Ready
[2026-05-07T22:48:58.928Z] [INFO] 
📥 جاري تحميل بيانات الرحلات...
[2026-05-07T22:48:58.950Z] [INFO] تم جلب 870 رحلة من شركات الطيران الأردنية
[2026-05-07T22:49:00.883Z] [INFO] ✅ تم حفظ 870 رحلة في قاعدة البيانات
[2026-05-07T22:49:00.897Z] [INFO] ✅ تم تحميل 870 رحلة بنجاح
[2026-05-07T22:49:00.914Z] [INFO] 
⏰ بدء جدول التحديثات الآلية...
[2026-05-07T22:49:00.935Z] [INFO] ✅ تم بدء جدول التحديثات الآلية بنجاح
[2026-05-07T22:49:00.953Z] [INFO] ✅ تم بدء جدول التحديثات
[2026-05-07T22:49:00.970Z] [INFO] 
━━━━━━━━━━━━━━━━━━━━━━━━━━━━━━━━
[2026-05-07T22:49:00.983Z] [INFO] 🎯 النظام جاهز تماماً للعمل!

[2026-05-07T23:00:00.451Z] [INFO] 🔄 بدء تحديث بيانات الرحلات...
[2026-05-07T23:00:00.464Z] [INFO] تم جلب 870 رحلة من شركات الطيران الأردنية
[2026-05-07T23:00:00.469Z] [INFO] 🔄 بدء تحديث حالات الرحلات...
[2026-05-07T23:00:00.473Z] [INFO] 🧹 بدء تنظيف البيانات القديمة...
[2026-05-07T23:00:00.478Z] [INFO] 💰 بدء إعادة حساب الأسعار الديناميكية...
[2026-05-07T23:00:00.494Z] [INFO] ✅ تم حذف 0 رحلة قديمة
[2026-05-07T23:00:00.969Z] [INFO] ✅ تم تحديث حالات 50 رحلة
[2026-05-07T23:00:01.152Z] [INFO] ✅ تم حفظ 870 رحلة في قاعدة البيانات
[2026-05-07T23:00:01.154Z] [INFO] ✅ تم تحديث 870 رحلة بنجاح
[2026-05-07T23:15:00.884Z] [INFO] 🔄 بدء تحديث حالات الرحلات...
[2026-05-07T23:15:01.165Z] [INFO] ✅ تم تحديث حالات 50 رحلة
[2026-05-07T23:30:00.214Z] [INFO] 🔄 بدء تحديث حالات الرحلات...
[2026-05-07T23:30:00.242Z] [INFO] 💰 بدء إعادة حساب الأسعار الديناميكية...
[2026-05-07T23:30:00.359Z] [INFO] ✅ تم تحديث حالات 50 رحلة
[2026-05-07T23:45:00.621Z] [INFO] 🔄 بدء تحديث حالات الرحلات...
[2026-05-07T23:45:01.470Z] [INFO] ✅ تم تحديث حالات 50 رحلة
[2026-05-08T00:00:00.404Z] [INFO] 🔄 بدء تحديث بيانات الرحلات...
[2026-05-08T00:00:00.496Z] [INFO] تم جلب 870 رحلة من شركات الطيران الأردنية
[2026-05-08T00:00:00.535Z] [INFO] 🔄 بدء تحديث حالات الرحلات...
[2026-05-08T00:00:00.562Z] [INFO] 💰 بدء إعادة حساب الأسعار الديناميكية...
[2026-05-08T00:00:00.571Z] [INFO] 📊 بدء تحديث إحصائيات الطيران...
[2026-05-08T00:00:01.946Z] [INFO] ✅ تم تحديث إحصائيات 5 شركة طيران
[2026-05-08T00:00:02.395Z] [INFO] ✅ تم تحديث حالات 50 رحلة
[2026-05-08T00:00:03.095Z] [INFO] ✅ تم حفظ 870 رحلة في قاعدة البيانات
[2026-05-08T00:00:03.117Z] [INFO] ✅ تم تحديث 870 رحلة بنجاح
